<?xml version="1.0" encoding="UTF-8"?>
<testsuite name="org.hyperskill.stopwatch.NotificationUnitTest" tests="1" skipped="0" failures="0" errors="0" timestamp="2022-07-29T11:12:51" hostname="MacBook-Pro-Dmitrii.local" time="4.444">
  <properties/>
  <testcase name="testShouldCheckNotificationVisibilityOnTimeExceed" classname="org.hyperskill.stopwatch.NotificationUnitTest" time="4.444"/>
  <system-out><![CDATA[Called loadFromPath(/system/framework/framework-res.apk, true); mode=binary sdk=29
resources.arsc in APK '/Users/dmitriiilbekov/.m2/repository/org/robolectric/android-all-instrumented/10-robolectric-5803371-i3/android-all-instrumented-10-robolectric-5803371-i3.jar' is compressed.
]]></system-out>
  <system-err><![CDATA[]]></system-err>
</testsuite>
